0 info it worked if it ends with ok
1 verbose cli [ '/usr/local/bin/node',
1 verbose cli   '/usr/local/bin/npm',
1 verbose cli   'install',
1 verbose cli   '--save',
1 verbose cli   'react-addons-css-transition-group' ]
2 info using npm@2.14.20
3 info using node@v4.4.1
4 verbose install initial load of /Users/kenneth/Desktop/HiPup/package.json
5 verbose installManyTop reading scoped package data from /Users/kenneth/Desktop/HiPup/node_modules/babel-core/package.json
6 verbose installManyTop reading scoped package data from /Users/kenneth/Desktop/HiPup/node_modules/babel-loader/package.json
7 verbose installManyTop reading scoped package data from /Users/kenneth/Desktop/HiPup/node_modules/babel-preset-react/package.json
8 verbose installManyTop reading scoped package data from /Users/kenneth/Desktop/HiPup/node_modules/bootstrap/package.json
9 verbose installManyTop reading scoped package data from /Users/kenneth/Desktop/HiPup/node_modules/flux/package.json
10 verbose installManyTop reading scoped package data from /Users/kenneth/Desktop/HiPup/node_modules/react/package.json
11 verbose installManyTop reading scoped package data from /Users/kenneth/Desktop/HiPup/node_modules/react-addons-css-transition-group/package.json
12 verbose installManyTop reading scoped package data from /Users/kenneth/Desktop/HiPup/node_modules/react-dom/package.json
13 verbose installManyTop reading scoped package data from /Users/kenneth/Desktop/HiPup/node_modules/react-easy-transition/package.json
14 verbose installManyTop reading scoped package data from /Users/kenneth/Desktop/HiPup/node_modules/react-geosuggest/package.json
15 verbose installManyTop reading scoped package data from /Users/kenneth/Desktop/HiPup/node_modules/react-modal/package.json
16 verbose installManyTop reading scoped package data from /Users/kenneth/Desktop/HiPup/node_modules/react-router/package.json
17 verbose installManyTop reading scoped package data from /Users/kenneth/Desktop/HiPup/node_modules/webpack/package.json
18 verbose readDependencies loading dependencies from /Users/kenneth/Desktop/HiPup/package.json
19 verbose install react-addons-css-transition-group is installed as 15.0.1
20 silly cache add args [ 'react-addons-css-transition-group', null ]
21 verbose cache add spec react-addons-css-transition-group
22 silly cache add parsed spec Result {
22 silly cache add   raw: 'react-addons-css-transition-group',
22 silly cache add   scope: null,
22 silly cache add   name: 'react-addons-css-transition-group',
22 silly cache add   rawSpec: '',
22 silly cache add   spec: 'latest',
22 silly cache add   type: 'tag' }
23 silly addNamed react-addons-css-transition-group@latest
24 verbose addNamed "latest" is being treated as a dist-tag for react-addons-css-transition-group
25 info addNameTag [ 'react-addons-css-transition-group', 'latest' ]
26 silly mapToRegistry name react-addons-css-transition-group
27 silly mapToRegistry using default registry
28 silly mapToRegistry registry https://registry.npmjs.org/
29 silly mapToRegistry uri https://registry.npmjs.org/react-addons-css-transition-group
30 verbose addNameTag registry:https://registry.npmjs.org/react-addons-css-transition-group not in flight; fetching
31 verbose request uri https://registry.npmjs.org/react-addons-css-transition-group
32 verbose request no auth needed
33 info attempt registry request try #1 at 7:07:52 PM
34 verbose request id 81d8d24238b4bf2e
35 verbose etag "3Y0WAT0JF5TLBRGXHUS0JQZP4"
36 http request GET https://registry.npmjs.org/react-addons-css-transition-group
37 http 200 https://registry.npmjs.org/react-addons-css-transition-group
38 verbose headers { server: 'CouchDB/1.5.0 (Erlang OTP/R16B03)',
38 verbose headers   etag: '"PQ7HA1R2EGV72UUV1YZEUDTM"',
38 verbose headers   'content-type': 'application/json',
38 verbose headers   'cache-control': 'max-age=300',
38 verbose headers   'content-length': '30350',
38 verbose headers   'accept-ranges': 'bytes',
38 verbose headers   date: 'Sat, 30 Apr 2016 02:07:53 GMT',
38 verbose headers   via: '1.1 varnish',
38 verbose headers   age: '287',
38 verbose headers   connection: 'keep-alive',
38 verbose headers   'x-served-by': 'cache-lax1425-LAX',
38 verbose headers   'x-cache': 'HIT',
38 verbose headers   'x-cache-hits': '1',
38 verbose headers   'x-timer': 'S1461982073.107733,VS0,VE0',
38 verbose headers   vary: 'Accept-Encoding' }
39 silly get cb [ 200,
39 silly get   { server: 'CouchDB/1.5.0 (Erlang OTP/R16B03)',
39 silly get     etag: '"PQ7HA1R2EGV72UUV1YZEUDTM"',
39 silly get     'content-type': 'application/json',
39 silly get     'cache-control': 'max-age=300',
39 silly get     'content-length': '30350',
39 silly get     'accept-ranges': 'bytes',
39 silly get     date: 'Sat, 30 Apr 2016 02:07:53 GMT',
39 silly get     via: '1.1 varnish',
39 silly get     age: '287',
39 silly get     connection: 'keep-alive',
39 silly get     'x-served-by': 'cache-lax1425-LAX',
39 silly get     'x-cache': 'HIT',
39 silly get     'x-cache-hits': '1',
39 silly get     'x-timer': 'S1461982073.107733,VS0,VE0',
39 silly get     vary: 'Accept-Encoding' } ]
40 verbose get saving react-addons-css-transition-group to /Users/kenneth/.npm/registry.npmjs.org/react-addons-css-transition-group/.cache.json
41 verbose correctMkdir /Users/kenneth/.npm correctMkdir not in flight; initializing
42 silly addNameTag next cb for react-addons-css-transition-group with tag latest
43 silly addNamed react-addons-css-transition-group@15.0.2
44 verbose addNamed "15.0.2" is a plain semver version for react-addons-css-transition-group
45 silly mapToRegistry name react-addons-css-transition-group
46 silly mapToRegistry using default registry
47 silly mapToRegistry registry https://registry.npmjs.org/
48 silly mapToRegistry uri https://registry.npmjs.org/react-addons-css-transition-group
49 verbose addRemoteTarball https://registry.npmjs.org/react-addons-css-transition-group/-/react-addons-css-transition-group-15.0.2.tgz not in flight; adding
50 verbose addRemoteTarball [ 'https://registry.npmjs.org/react-addons-css-transition-group/-/react-addons-css-transition-group-15.0.2.tgz',
50 verbose addRemoteTarball   '8b0a4c296909ca70cdcce06fb254c204ea1f9721' ]
51 info retry fetch attempt 1 at 7:07:53 PM
52 info attempt registry request try #1 at 7:07:53 PM
53 http fetch GET https://registry.npmjs.org/react-addons-css-transition-group/-/react-addons-css-transition-group-15.0.2.tgz
54 http fetch 200 https://registry.npmjs.org/react-addons-css-transition-group/-/react-addons-css-transition-group-15.0.2.tgz
55 silly fetchAndShaCheck shasum 8b0a4c296909ca70cdcce06fb254c204ea1f9721
56 verbose addTmpTarball /var/folders/my/44tljzhj5fd9w9f5vwnwhb280000gp/T/npm-81723-46f3e086/registry.npmjs.org/react-addons-css-transition-group/-/react-addons-css-transition-group-15.0.2.tgz not in flight; adding
57 verbose addTmpTarball already have metadata; skipping unpack for react-addons-css-transition-group@15.0.2
58 verbose correctMkdir /Users/kenneth/.npm correctMkdir not in flight; initializing
59 silly cache afterAdd react-addons-css-transition-group@15.0.2
60 verbose afterAdd /Users/kenneth/.npm/react-addons-css-transition-group/15.0.2/package/package.json not in flight; writing
61 verbose correctMkdir /Users/kenneth/.npm correctMkdir not in flight; initializing
62 verbose afterAdd /Users/kenneth/.npm/react-addons-css-transition-group/15.0.2/package/package.json written
63 silly install resolved [ { name: 'react-addons-css-transition-group',
63 silly install resolved     version: '15.0.2',
63 silly install resolved     main: 'index.js',
63 silly install resolved     repository:
63 silly install resolved      { type: 'git',
63 silly install resolved        url: 'git+https://github.com/facebook/react.git' },
63 silly install resolved     keywords: [ 'react', 'react-addon' ],
63 silly install resolved     license: 'BSD-3-Clause',
63 silly install resolved     dependencies: {},
63 silly install resolved     peerDependencies: { react: '^15.0.2' },
63 silly install resolved     description: 'This package provides the React CSSTransitionGroup add-on.',
63 silly install resolved     bugs: { url: 'https://github.com/facebook/react/issues' },
63 silly install resolved     homepage: 'https://github.com/facebook/react#readme',
63 silly install resolved     _id: 'react-addons-css-transition-group@15.0.2',
63 silly install resolved     _shasum: '8b0a4c296909ca70cdcce06fb254c204ea1f9721',
63 silly install resolved     _resolved: 'https://registry.npmjs.org/react-addons-css-transition-group/-/react-addons-css-transition-group-15.0.2.tgz',
63 silly install resolved     _from: 'react-addons-css-transition-group@latest',
63 silly install resolved     scripts: {},
63 silly install resolved     _npmVersion: '2.15.1',
63 silly install resolved     _nodeVersion: '4.4.3',
63 silly install resolved     _npmUser: { name: 'zpao', email: 'paul@oshannessy.com' },
63 silly install resolved     maintainers: [ [Object], [Object], [Object], [Object], [Object] ],
63 silly install resolved     dist:
63 silly install resolved      { shasum: '8b0a4c296909ca70cdcce06fb254c204ea1f9721',
63 silly install resolved        tarball: 'https://registry.npmjs.org/react-addons-css-transition-group/-/react-addons-css-transition-group-15.0.2.tgz' },
63 silly install resolved     _npmOperationalInternal:
63 silly install resolved      { host: 'packages-16-east.internal.npmjs.com',
63 silly install resolved        tmp: 'tmp/react-addons-css-transition-group-15.0.2.tgz_1461976678550_0.9883595304563642' },
63 silly install resolved     directories: {} } ]
64 info install react-addons-css-transition-group@15.0.2 into /Users/kenneth/Desktop/HiPup
65 info installOne react-addons-css-transition-group@15.0.2
66 verbose installOne of react-addons-css-transition-group to /Users/kenneth/Desktop/HiPup not in flight; installing
67 verbose correctMkdir /Users/kenneth/.npm/_locks correctMkdir not in flight; initializing
68 verbose lock using /Users/kenneth/.npm/_locks/react-addons-css-transit-82c5865df7100a07.lock for /Users/kenneth/Desktop/HiPup/node_modules/react-addons-css-transition-group
69 silly install write writing react-addons-css-transition-group 15.0.2 to /Users/kenneth/Desktop/HiPup/node_modules/react-addons-css-transition-group
70 verbose unbuild node_modules/react-addons-css-transition-group
71 info preuninstall react-addons-css-transition-group@15.0.1
72 info uninstall react-addons-css-transition-group@15.0.1
73 verbose unbuild rmStuff react-addons-css-transition-group@15.0.1 from /Users/kenneth/Desktop/HiPup/node_modules
74 info postuninstall react-addons-css-transition-group@15.0.1
75 silly gentlyRm /Users/kenneth/Desktop/HiPup/node_modules/react-addons-css-transition-group is being purged from base /Users/kenneth/Desktop/HiPup
76 verbose gentlyRm don't care about contents; nuking /Users/kenneth/Desktop/HiPup/node_modules/react-addons-css-transition-group
77 silly vacuum-fs purging /Users/kenneth/Desktop/HiPup/node_modules/react-addons-css-transition-group
78 silly vacuum-fs quitting because other entries in /Users/kenneth/Desktop/HiPup/node_modules
79 verbose tar unpack /Users/kenneth/.npm/react-addons-css-transition-group/15.0.2/package.tgz
80 verbose tar unpacking to /Users/kenneth/Desktop/HiPup/node_modules/react-addons-css-transition-group
81 silly gentlyRm /Users/kenneth/Desktop/HiPup/node_modules/react-addons-css-transition-group is being purged
82 verbose gentlyRm don't care about contents; nuking /Users/kenneth/Desktop/HiPup/node_modules/react-addons-css-transition-group
83 silly gunzTarPerm modes [ '755', '644' ]
84 silly gunzTarPerm extractEntry package.json
85 silly gunzTarPerm extractEntry README.md
86 silly gunzTarPerm extractEntry LICENSE
87 silly gunzTarPerm extractEntry index.js
88 silly gunzTarPerm extractEntry PATENTS
89 verbose write writing to /Users/kenneth/Desktop/HiPup/node_modules/react-addons-css-transition-group/package.json
90 info preinstall react-addons-css-transition-group@15.0.2
91 verbose readDependencies loading dependencies from /Users/kenneth/Desktop/HiPup/node_modules/react-addons-css-transition-group/package.json
92 silly prepareForInstallMany adding react@^15.0.2 from react-addons-css-transition-group peerDependencies
93 warn peerDependencies The peer dependency react@^15.0.2 included from react-addons-css-transition-group will no
94 warn peerDependencies longer be automatically installed to fulfill the peerDependency
95 warn peerDependencies in npm 3+. Your application will need to depend on it explicitly.
96 verbose readDependencies loading dependencies from /Users/kenneth/Desktop/HiPup/node_modules/react-addons-css-transition-group/package.json
97 silly install resolved []
98 verbose about to build /Users/kenneth/Desktop/HiPup/node_modules/react-addons-css-transition-group
99 info build /Users/kenneth/Desktop/HiPup/node_modules/react-addons-css-transition-group
100 info linkStuff react-addons-css-transition-group@15.0.2
101 silly linkStuff react-addons-css-transition-group@15.0.2 has /Users/kenneth/Desktop/HiPup/node_modules as its parent node_modules
102 verbose linkBins react-addons-css-transition-group@15.0.2
103 verbose linkMans react-addons-css-transition-group@15.0.2
104 verbose rebuildBundles react-addons-css-transition-group@15.0.2
105 info install react-addons-css-transition-group@15.0.2
106 info postinstall react-addons-css-transition-group@15.0.2
107 verbose readDependencies loading dependencies from /Users/kenneth/Desktop/HiPup/package.json
108 verbose targetResolver reading package data from /Users/kenneth/Desktop/HiPup/node_modules/babel-core/package.json
109 verbose targetResolver reading package data from /Users/kenneth/Desktop/HiPup/node_modules/babel-loader/package.json
110 verbose targetResolver reading package data from /Users/kenneth/Desktop/HiPup/node_modules/babel-preset-react/package.json
111 verbose targetResolver reading package data from /Users/kenneth/Desktop/HiPup/node_modules/bootstrap/package.json
112 verbose targetResolver reading package data from /Users/kenneth/Desktop/HiPup/node_modules/flux/package.json
113 verbose targetResolver reading package data from /Users/kenneth/Desktop/HiPup/node_modules/react/package.json
114 verbose targetResolver reading package data from /Users/kenneth/Desktop/HiPup/node_modules/react-addons-css-transition-group/package.json
115 verbose targetResolver reading package data from /Users/kenneth/Desktop/HiPup/node_modules/react-dom/package.json
116 verbose targetResolver reading package data from /Users/kenneth/Desktop/HiPup/node_modules/react-easy-transition/package.json
117 verbose targetResolver reading package data from /Users/kenneth/Desktop/HiPup/node_modules/react-geosuggest/package.json
118 verbose targetResolver reading package data from /Users/kenneth/Desktop/HiPup/node_modules/react-modal/package.json
119 verbose targetResolver reading package data from /Users/kenneth/Desktop/HiPup/node_modules/react-router/package.json
120 verbose targetResolver reading package data from /Users/kenneth/Desktop/HiPup/node_modules/webpack/package.json
121 verbose targetResolver reading package data from /Users/kenneth/Desktop/HiPup/node_modules/.bin/webpack/package.json
122 verbose already installed skipping react@^15.0.2 /Users/kenneth/Desktop/HiPup
123 silly install resolved []
124 verbose unlock done using /Users/kenneth/.npm/_locks/react-addons-css-transit-82c5865df7100a07.lock for /Users/kenneth/Desktop/HiPup/node_modules/react-addons-css-transition-group
125 verbose validateInstall loading /Users/kenneth/Desktop/HiPup/package.json for validation
126 verbose stack Error: The package react@15.0.1 does not satisfy its siblings' peerDependencies requirements!
126 verbose stack     at /usr/local/lib/node_modules/npm/lib/install.js:125:32
126 verbose stack     at /usr/local/lib/node_modules/npm/lib/install.js:268:7
126 verbose stack     at /usr/local/lib/node_modules/npm/node_modules/read-installed/read-installed.js:142:5
126 verbose stack     at /usr/local/lib/node_modules/npm/node_modules/read-installed/read-installed.js:263:14
126 verbose stack     at cb (/usr/local/lib/node_modules/npm/node_modules/slide/lib/async-map.js:47:24)
126 verbose stack     at /usr/local/lib/node_modules/npm/node_modules/read-installed/read-installed.js:263:14
126 verbose stack     at cb (/usr/local/lib/node_modules/npm/node_modules/slide/lib/async-map.js:47:24)
126 verbose stack     at /usr/local/lib/node_modules/npm/node_modules/read-installed/read-installed.js:263:14
126 verbose stack     at cb (/usr/local/lib/node_modules/npm/node_modules/slide/lib/async-map.js:47:24)
126 verbose stack     at /usr/local/lib/node_modules/npm/node_modules/read-installed/read-installed.js:263:14
127 verbose cwd /Users/kenneth/Desktop/HiPup
128 error Darwin 15.4.0
129 error argv "/usr/local/bin/node" "/usr/local/bin/npm" "install" "--save" "react-addons-css-transition-group"
130 error node v4.4.1
131 error npm  v2.14.20
132 error code EPEERINVALID
133 error peerinvalid The package react@15.0.1 does not satisfy its siblings' peerDependencies requirements!
133 error peerinvalid Peer react-dom@15.0.1 wants react@^15.0.1
133 error peerinvalid Peer react-geosuggest@1.22.0 wants react@^0.14.0 || ^15.0.0
133 error peerinvalid Peer react-modal@1.2.1 wants react@^0.14.0 || ^15.0.0-0
133 error peerinvalid Peer react-addons-css-transition-group@15.0.2 wants react@^15.0.2
134 verbose exit [ 1, true ]
